[2025-02-19T08:44:30.902+0000] {local_task_job_runner.py:123} INFO - ::group::Pre task execution logs
[2025-02-19T08:44:30.940+0000] {taskinstance.py:2613} INFO - Dependencies all met for dep_context=non-requeueable deps ti=<TaskInstance: etl_reddit_pipeline.s3_upload manual__2025-02-19T08:43:59.931397+00:00 [queued]>
[2025-02-19T08:44:30.956+0000] {taskinstance.py:2613} INFO - Dependencies all met for dep_context=requeueable deps ti=<TaskInstance: etl_reddit_pipeline.s3_upload manual__2025-02-19T08:43:59.931397+00:00 [queued]>
[2025-02-19T08:44:30.956+0000] {taskinstance.py:2866} INFO - Starting attempt 1 of 1
[2025-02-19T08:44:30.984+0000] {taskinstance.py:2889} INFO - Executing <Task(PythonOperator): s3_upload> on 2025-02-19 08:43:59.931397+00:00
[2025-02-19T08:44:30.997+0000] {warnings.py:112} WARNING - /home/***/.local/lib/python3.12/site-packages/***/task/task_runner/standard_task_runner.py:70: DeprecationWarning: This process (pid=1159) is multi-threaded, use of fork() may lead to deadlocks in the child.
  pid = os.fork()

[2025-02-19T08:44:30.999+0000] {standard_task_runner.py:72} INFO - Started process 1161 to run task
[2025-02-19T08:44:31.016+0000] {standard_task_runner.py:104} INFO - Running: ['***', 'tasks', 'run', 'etl_reddit_pipeline', 's3_upload', 'manual__2025-02-19T08:43:59.931397+00:00', '--job-id', '14', '--raw', '--subdir', 'DAGS_FOLDER/reddit_dag.py', '--cfg-path', '/tmp/tmpc76d1329']
[2025-02-19T08:44:31.022+0000] {standard_task_runner.py:105} INFO - Job 14: Subtask s3_upload
[2025-02-19T08:44:31.130+0000] {task_command.py:467} INFO - Running <TaskInstance: etl_reddit_pipeline.s3_upload manual__2025-02-19T08:43:59.931397+00:00 [running]> on host 5e9f551fa5dd
[2025-02-19T08:44:31.412+0000] {taskinstance.py:3132} INFO - Exporting env vars: AIRFLOW_CTX_DAG_OWNER='Vishesh Sharma' AIRFLOW_CTX_DAG_ID='etl_reddit_pipeline' AIRFLOW_CTX_TASK_ID='s3_upload' AIRFLOW_CTX_EXECUTION_DATE='2025-02-19T08:43:59.931397+00:00' AIRFLOW_CTX_TRY_NUMBER='1' AIRFLOW_CTX_DAG_RUN_ID='manual__2025-02-19T08:43:59.931397+00:00'
[2025-02-19T08:44:31.414+0000] {taskinstance.py:731} INFO - ::endgroup::
[2025-02-19T08:44:33.387+0000] {logging_mixin.py:190} INFO - Bucket already exists
[2025-02-19T08:44:34.133+0000] {logging_mixin.py:190} INFO - File uploaded to s3
[2025-02-19T08:44:34.134+0000] {python.py:240} INFO - Done. Returned value was: None
[2025-02-19T08:44:34.153+0000] {taskinstance.py:340} INFO - ::group::Post task execution logs
[2025-02-19T08:44:34.154+0000] {taskinstance.py:352} INFO - Marking task as SUCCESS. dag_id=etl_reddit_pipeline, task_id=s3_upload, run_id=manual__2025-02-19T08:43:59.931397+00:00, execution_date=20250219T084359, start_date=20250219T084430, end_date=20250219T084434
[2025-02-19T08:44:34.229+0000] {local_task_job_runner.py:266} INFO - Task exited with return code 0
[2025-02-19T08:44:34.259+0000] {taskinstance.py:3895} INFO - 0 downstream tasks scheduled from follow-on schedule check
[2025-02-19T08:44:34.268+0000] {local_task_job_runner.py:245} INFO - ::endgroup::
