[2025-02-19T07:12:45.684+0000] {local_task_job_runner.py:123} INFO - ::group::Pre task execution logs
[2025-02-19T07:12:45.947+0000] {taskinstance.py:2613} INFO - Dependencies all met for dep_context=non-requeueable deps ti=<TaskInstance: etl_reddit_pipeline.reddit_extraction scheduled__2025-02-18T00:00:00+00:00 [queued]>
[2025-02-19T07:12:46.073+0000] {taskinstance.py:2613} INFO - Dependencies all met for dep_context=requeueable deps ti=<TaskInstance: etl_reddit_pipeline.reddit_extraction scheduled__2025-02-18T00:00:00+00:00 [queued]>
[2025-02-19T07:12:46.074+0000] {taskinstance.py:2866} INFO - Starting attempt 1 of 1
[2025-02-19T07:12:46.170+0000] {taskinstance.py:2889} INFO - Executing <Task(PythonOperator): reddit_extraction> on 2025-02-18 00:00:00+00:00
[2025-02-19T07:12:46.288+0000] {warnings.py:112} WARNING - /home/***/.local/lib/python3.12/site-packages/***/task/task_runner/standard_task_runner.py:70: DeprecationWarning: This process (pid=131) is multi-threaded, use of fork() may lead to deadlocks in the child.
  pid = os.fork()

[2025-02-19T07:12:46.292+0000] {standard_task_runner.py:72} INFO - Started process 143 to run task
[2025-02-19T07:12:46.533+0000] {standard_task_runner.py:104} INFO - Running: ['***', 'tasks', 'run', 'etl_reddit_pipeline', 'reddit_extraction', 'scheduled__2025-02-18T00:00:00+00:00', '--job-id', '4', '--raw', '--subdir', 'DAGS_FOLDER/reddit_dag.py', '--cfg-path', '/tmp/tmpymtgwmi0']
[2025-02-19T07:12:46.563+0000] {standard_task_runner.py:105} INFO - Job 4: Subtask reddit_extraction
[2025-02-19T07:12:47.851+0000] {task_command.py:467} INFO - Running <TaskInstance: etl_reddit_pipeline.reddit_extraction scheduled__2025-02-18T00:00:00+00:00 [running]> on host 5e9f551fa5dd
[2025-02-19T07:12:48.970+0000] {taskinstance.py:3132} INFO - Exporting env vars: AIRFLOW_CTX_DAG_OWNER='Vishesh Sharma' AIRFLOW_CTX_DAG_ID='etl_reddit_pipeline' AIRFLOW_CTX_TASK_ID='reddit_extraction' AIRFLOW_CTX_EXECUTION_DATE='2025-02-18T00:00:00+00:00' AIRFLOW_CTX_TRY_NUMBER='1' AIRFLOW_CTX_DAG_RUN_ID='scheduled__2025-02-18T00:00:00+00:00'
[2025-02-19T07:12:48.979+0000] {taskinstance.py:731} INFO - ::endgroup::
[2025-02-19T07:12:52.282+0000] {logging_mixin.py:190} INFO - No-Sleep8045
[2025-02-19T07:12:52.284+0000] {logging_mixin.py:190} INFO - connected to reddit!
[2025-02-19T07:12:53.930+0000] {python.py:240} INFO - Done. Returned value was: /opt/***/data/output/reddit_20250219.csv
[2025-02-19T07:12:54.498+0000] {taskinstance.py:340} INFO - ::group::Post task execution logs
[2025-02-19T07:12:54.518+0000] {taskinstance.py:352} INFO - Marking task as SUCCESS. dag_id=etl_reddit_pipeline, task_id=reddit_extraction, run_id=scheduled__2025-02-18T00:00:00+00:00, execution_date=20250218T000000, start_date=20250219T071245, end_date=20250219T071254
[2025-02-19T07:12:54.786+0000] {local_task_job_runner.py:266} INFO - Task exited with return code 0
[2025-02-19T07:12:54.882+0000] {taskinstance.py:3895} INFO - 0 downstream tasks scheduled from follow-on schedule check
[2025-02-19T07:12:54.912+0000] {local_task_job_runner.py:245} INFO - ::endgroup::
